# JRE version: OpenJDK Runtime Environment (8.0_275-b01) (build 1.8.0_275-b01)
# Java VM: OpenJDK 64-Bit Server VM (25.275-b01 mixed mode windows-amd64 compressed oops)
Heap:
 PSYoungGen      total 124928K, used 90146K [0x0000000760000000, 0x000000076ae80000, 0x00000007c0000000)
  eden space 113664K, 79% used [0x0000000760000000,0x0000000765808970,0x0000000766f00000)
  from space 11264K, 0% used [0x0000000767a80000,0x0000000767a80000,0x0000000768580000)
  to   space 11776K, 0% used [0x0000000766f00000,0x0000000766f00000,0x0000000767a80000)
 ParOldGen       total 45056K, used 15631K [0x00000006a0000000, 0x00000006a2c00000, 0x0000000760000000)
  object space 45056K, 34% used [0x00000006a0000000,0x00000006a0f43c40,0x00000006a2c00000)
 Metaspace       used 38115K, capacity 39866K, committed 40064K, reserved 1083392K
  class space    used 5342K, capacity 5721K, committed 5760K, reserved 1048576K
GC Heap History (10 events):
Event: 4.692 GC heap before
{Heap before GC invocations=10 (full 1):
 PSYoungGen      total 70144K, used 6661K [0x0000000760000000, 0x0000000767280000, 0x00000007c0000000)
  eden space 62976K, 0% used [0x0000000760000000,0x0000000760000000,0x0000000763d80000)
  from space 7168K, 92% used [0x0000000763d80000,0x0000000764401768,0x0000000764480000)
  to   space 8192K, 0% used [0x0000000766a80000,0x0000000766a80000,0x0000000767280000)
 ParOldGen       total 44032K, used 7414K [0x00000006a0000000, 0x00000006a2b00000, 0x0000000760000000)
  object space 44032K, 16% used [0x00000006a0000000,0x00000006a073db08,0x00000006a2b00000)
 Metaspace       used 20547K, capacity 21202K, committed 21296K, reserved 1067008K
  class space    used 3039K, capacity 3199K, committed 3200K, reserved 1048576K
Event: 4.743 GC heap after
Heap after GC invocations=10 (full 1):
 PSYoungGen      total 70144K, used 0K [0x0000000760000000, 0x0000000767280000, 0x00000007c0000000)
  eden space 62976K, 0% used [0x0000000760000000,0x0000000760000000,0x0000000763d80000)
  from space 7168K, 0% used [0x0000000763d80000,0x0000000763d80000,0x0000000764480000)
  to   space 8192K, 0% used [0x0000000766a80000,0x0000000766a80000,0x0000000767280000)
 ParOldGen       total 35328K, used 10361K [0x00000006a0000000, 0x00000006a2280000, 0x0000000760000000)
  object space 35328K, 29% used [0x00000006a0000000,0x00000006a0a1e538,0x00000006a2280000)
 Metaspace       used 20547K, capacity 21202K, committed 21296K, reserved 1067008K
  class space    used 3039K, capacity 3199K, committed 3200K, reserved 1048576K
}
Event: 5.825 GC heap before
{Heap before GC invocations=11 (full 1):
 PSYoungGen      total 70144K, used 62976K [0x0000000760000000, 0x0000000767280000, 0x00000007c0000000)
  eden space 62976K, 100% used [0x0000000760000000,0x0000000763d80000,0x0000000763d80000)
  from space 7168K, 0% used [0x0000000763d80000,0x0000000763d80000,0x0000000764480000)
  to   space 8192K, 0% used [0x0000000766a80000,0x0000000766a80000,0x0000000767280000)
 ParOldGen       total 35328K, used 10361K [0x00000006a0000000, 0x00000006a2280000, 0x0000000760000000)
  object space 35328K, 29% used [0x00000006a0000000,0x00000006a0a1e538,0x00000006a2280000)
 Metaspace       used 28114K, capacity 28992K, committed 29184K, reserved 1075200K
  class space    used 4070K, capacity 4266K, committed 4352K, reserved 1048576K
Event: 5.834 GC heap after
Heap after GC invocations=11 (full 1):
 PSYoungGen      total 94208K, used 7907K [0x0000000760000000, 0x0000000767280000, 0x00000007c0000000)
  eden space 86016K, 0% used [0x0000000760000000,0x0000000760000000,0x0000000765400000)
  from space 8192K, 96% used [0x0000000766a80000,0x0000000767238dd8,0x0000000767280000)
  to   space 8704K, 0% used [0x0000000766180000,0x0000000766180000,0x0000000766a00000)
 ParOldGen       total 35328K, used 10369K [0x00000006a0000000, 0x00000006a2280000, 0x0000000760000000)
  object space 35328K, 29% used [0x00000006a0000000,0x00000006a0a20538,0x00000006a2280000)
 Metaspace       used 28114K, capacity 28992K, committed 29184K, reserved 1075200K
  class space    used 4070K, capacity 4266K, committed 4352K, reserved 1048576K
}
Event: 29.160 GC heap before
{Heap before GC invocations=12 (full 1):
 PSYoungGen      total 94208K, used 93923K [0x0000000760000000, 0x0000000767280000, 0x00000007c0000000)
  eden space 86016K, 100% used [0x0000000760000000,0x0000000765400000,0x0000000765400000)
  from space 8192K, 96% used [0x0000000766a80000,0x0000000767238dd8,0x0000000767280000)
  to   space 8704K, 0% used [0x0000000766180000,0x0000000766180000,0x0000000766a00000)
 ParOldGen       total 35328K, used 10369K [0x00000006a0000000, 0x00000006a2280000, 0x0000000760000000)
  object space 35328K, 29% used [0x00000006a0000000,0x00000006a0a20538,0x00000006a2280000)
 Metaspace       used 34147K, capacity 35400K, committed 35496K, reserved 1079296K
  class space    used 4771K, capacity 5063K, committed 5120K, reserved 1048576K
Event: 29.234 GC heap after
Heap after GC invocations=12 (full 1):
 PSYoungGen      total 108544K, used 8675K [0x0000000760000000, 0x0000000768580000, 0x00000007c0000000)
  eden space 99840K, 0% used [0x0000000760000000,0x0000000760000000,0x0000000766180000)
  from space 8704K, 99% used [0x0000000766180000,0x00000007669f8ce8,0x0000000766a00000)
  to   space 11264K, 0% used [0x0000000767a80000,0x0000000767a80000,0x0000000768580000)
 ParOldGen       total 35328K, used 14054K [0x00000006a0000000, 0x00000006a2280000, 0x0000000760000000)
  object space 35328K, 39% used [0x00000006a0000000,0x00000006a0db9978,0x00000006a2280000)
 Metaspace       used 34147K, capacity 35400K, committed 35496K, reserved 1079296K
  class space    used 4771K, capacity 5063K, committed 5120K, reserved 1048576K
}
Event: 29.279 GC heap before
{Heap before GC invocations=13 (full 1):
 PSYoungGen      total 108544K, used 12587K [0x0000000760000000, 0x0000000768580000, 0x00000007c0000000)
  eden space 99840K, 3% used [0x0000000760000000,0x00000007603d2180,0x0000000766180000)
  from space 8704K, 99% used [0x0000000766180000,0x00000007669f8ce8,0x0000000766a00000)
  to   space 11264K, 0% used [0x0000000767a80000,0x0000000767a80000,0x0000000768580000)
 ParOldGen       total 35328K, used 14054K [0x00000006a0000000, 0x00000006a2280000, 0x0000000760000000)
  object space 35328K, 39% used [0x00000006a0000000,0x00000006a0db9978,0x00000006a2280000)
 Metaspace       used 34162K, capacity 35400K, committed 35496K, reserved 1079296K
  class space    used 4771K, capacity 5063K, committed 5120K, reserved 1048576K
Event: 29.314 GC heap after
Heap after GC invocations=13 (full 1):
 PSYoungGen      total 124928K, used 320K [0x0000000760000000, 0x000000076ae80000, 0x00000007c0000000)
  eden space 113664K, 0% used [0x0000000760000000,0x0000000760000000,0x0000000766f00000)
  from space 11264K, 2% used [0x0000000767a80000,0x0000000767ad0000,0x0000000768580000)
  to   space 11776K, 0% used [0x0000000766f00000,0x0000000766f00000,0x0000000767a80000)
 ParOldGen       total 35328K, used 19438K [0x00000006a0000000, 0x00000006a2280000, 0x0000000760000000)
  object space 35328K, 55% used [0x00000006a0000000,0x00000006a12fb8e8,0x00000006a2280000)
 Metaspace       used 34162K, capacity 35400K, committed 35496K, reserved 1079296K
  class space    used 4771K, capacity 5063K, committed 5120K, reserved 1048576K
}
Event: 29.314 GC heap before
{Heap before GC invocations=14 (full 2):
 PSYoungGen      total 124928K, used 320K [0x0000000760000000, 0x000000076ae80000, 0x00000007c0000000)
  eden space 113664K, 0% used [0x0000000760000000,0x0000000760000000,0x0000000766f00000)
  from space 11264K, 2% used [0x0000000767a80000,0x0000000767ad0000,0x0000000768580000)
  to   space 11776K, 0% used [0x0000000766f00000,0x0000000766f00000,0x0000000767a80000)
 ParOldGen       total 35328K, used 19438K [0x00000006a0000000, 0x00000006a2280000, 0x0000000760000000)
  object space 35328K, 55% used [0x00000006a0000000,0x00000006a12fb8e8,0x00000006a2280000)
 Metaspace       used 34162K, capacity 35400K, committed 35496K, reserved 1079296K
  class space    used 4771K, capacity 5063K, committed 5120K, reserved 1048576K
Event: 29.502 GC heap after
Heap after GC invocations=14 (full 2):
 PSYoungGen      total 124928K, used 0K [0x0000000760000000, 0x000000076ae80000, 0x00000007c0000000)
  eden space 113664K, 0% used [0x0000000760000000,0x0000000760000000,0x0000000766f00000)
  from space 11264K, 0% used [0x0000000767a80000,0x0000000767a80000,0x0000000768580000)
  to   space 11776K, 0% used [0x0000000766f00000,0x0000000766f00000,0x0000000767a80000)
 ParOldGen       total 45056K, used 15631K [0x00000006a0000000, 0x00000006a2c00000, 0x0000000760000000)
  object space 45056K, 34% used [0x00000006a0000000,0x00000006a0f43c40,0x00000006a2c00000)
 Metaspace       used 34162K, capacity 35400K, committed 35496K, reserved 1079296K
  class space    used 4771K, capacity 5063K, committed 5120K, reserved 1048576K
}

