# JRE version: OpenJDK Runtime Environment (8.0_275-b01) (build 1.8.0_275-b01)
# Java VM: OpenJDK 64-Bit Server VM (25.275-b01 mixed mode windows-amd64 compressed oops)
Heap:
 PSYoungGen      total 182784K, used 128363K [0x0000000760000000, 0x000000076ce80000, 0x00000007c0000000)
  eden space 169984K, 75% used [0x0000000760000000,0x0000000767d5ac28,0x000000076a600000)
  from space 12800K, 0% used [0x000000076b380000,0x000000076b380000,0x000000076c000000)
  to   space 13824K, 0% used [0x000000076a600000,0x000000076a600000,0x000000076b380000)
 ParOldGen       total 50688K, used 16703K [0x00000006a0000000, 0x00000006a3180000, 0x0000000760000000)
  object space 50688K, 32% used [0x00000006a0000000,0x00000006a104fc30,0x00000006a3180000)
 Metaspace       used 38219K, capacity 40012K, committed 40192K, reserved 1083392K
  class space    used 5356K, capacity 5790K, committed 5888K, reserved 1048576K
GC Heap History (10 events):
Event: 6.547 GC heap before
{Heap before GC invocations=8 (full 0):
 PSYoungGen      total 71680K, used 27963K [0x0000000760000000, 0x0000000769000000, 0x00000007c0000000)
  eden space 64512K, 32% used [0x0000000760000000,0x0000000761450f30,0x0000000763f00000)
  from space 7168K, 99% used [0x0000000763f00000,0x00000007645fddd8,0x0000000764600000)
  to   space 9216K, 0% used [0x0000000768700000,0x0000000768700000,0x0000000769000000)
 ParOldGen       total 44032K, used 7642K [0x00000006a0000000, 0x00000006a2b00000, 0x0000000760000000)
  object space 44032K, 17% used [0x00000006a0000000,0x00000006a0776868,0x00000006a2b00000)
 Metaspace       used 20591K, capacity 21266K, committed 21296K, reserved 1067008K
  class space    used 3039K, capacity 3199K, committed 3200K, reserved 1048576K
Event: 6.558 GC heap after
Heap after GC invocations=8 (full 0):
 PSYoungGen      total 138240K, used 5138K [0x0000000760000000, 0x0000000769000000, 0x00000007c0000000)
  eden space 129024K, 0% used [0x0000000760000000,0x0000000760000000,0x0000000767e00000)
  from space 9216K, 55% used [0x0000000768700000,0x0000000768c04ba0,0x0000000769000000)
  to   space 9216K, 0% used [0x0000000767e00000,0x0000000767e00000,0x0000000768700000)
 ParOldGen       total 44032K, used 8210K [0x00000006a0000000, 0x00000006a2b00000, 0x0000000760000000)
  object space 44032K, 18% used [0x00000006a0000000,0x00000006a0804868,0x00000006a2b00000)
 Metaspace       used 20591K, capacity 21266K, committed 21296K, reserved 1067008K
  class space    used 3039K, capacity 3199K, committed 3200K, reserved 1048576K
}
Event: 6.558 GC heap before
{Heap before GC invocations=9 (full 1):
 PSYoungGen      total 138240K, used 5138K [0x0000000760000000, 0x0000000769000000, 0x00000007c0000000)
  eden space 129024K, 0% used [0x0000000760000000,0x0000000760000000,0x0000000767e00000)
  from space 9216K, 55% used [0x0000000768700000,0x0000000768c04ba0,0x0000000769000000)
  to   space 9216K, 0% used [0x0000000767e00000,0x0000000767e00000,0x0000000768700000)
 ParOldGen       total 44032K, used 8210K [0x00000006a0000000, 0x00000006a2b00000, 0x0000000760000000)
  object space 44032K, 18% used [0x00000006a0000000,0x00000006a0804868,0x00000006a2b00000)
 Metaspace       used 20591K, capacity 21266K, committed 21296K, reserved 1067008K
  class space    used 3039K, capacity 3199K, committed 3200K, reserved 1048576K
Event: 6.626 GC heap after
Heap after GC invocations=9 (full 1):
 PSYoungGen      total 138240K, used 0K [0x0000000760000000, 0x0000000769000000, 0x00000007c0000000)
  eden space 129024K, 0% used [0x0000000760000000,0x0000000760000000,0x0000000767e00000)
  from space 9216K, 0% used [0x0000000768700000,0x0000000768700000,0x0000000769000000)
  to   space 9216K, 0% used [0x0000000767e00000,0x0000000767e00000,0x0000000768700000)
 ParOldGen       total 34816K, used 8194K [0x00000006a0000000, 0x00000006a2200000, 0x0000000760000000)
  object space 34816K, 23% used [0x00000006a0000000,0x00000006a0800a18,0x00000006a2200000)
 Metaspace       used 20591K, capacity 21266K, committed 21296K, reserved 1067008K
  class space    used 3039K, capacity 3199K, committed 3200K, reserved 1048576K
}
Event: 28.796 GC heap before
{Heap before GC invocations=10 (full 1):
 PSYoungGen      total 138240K, used 129024K [0x0000000760000000, 0x0000000769000000, 0x00000007c0000000)
  eden space 129024K, 100% used [0x0000000760000000,0x0000000767e00000,0x0000000767e00000)
  from space 9216K, 0% used [0x0000000768700000,0x0000000768700000,0x0000000769000000)
  to   space 9216K, 0% used [0x0000000767e00000,0x0000000767e00000,0x0000000768700000)
 ParOldGen       total 34816K, used 8194K [0x00000006a0000000, 0x00000006a2200000, 0x0000000760000000)
  object space 34816K, 23% used [0x00000006a0000000,0x00000006a0800a18,0x00000006a2200000)
 Metaspace       used 32299K, capacity 33534K, committed 33664K, reserved 1077248K
  class space    used 4590K, capacity 4918K, committed 4992K, reserved 1048576K
Event: 28.830 GC heap after
Heap after GC invocations=10 (full 1):
 PSYoungGen      total 138240K, used 9189K [0x0000000760000000, 0x000000076c000000, 0x00000007c0000000)
  eden space 129024K, 0% used [0x0000000760000000,0x0000000760000000,0x0000000767e00000)
  from space 9216K, 99% used [0x0000000767e00000,0x00000007686f9750,0x0000000768700000)
  to   space 12800K, 0% used [0x000000076b380000,0x000000076b380000,0x000000076c000000)
 ParOldGen       total 34816K, used 13960K [0x00000006a0000000, 0x00000006a2200000, 0x0000000760000000)
  object space 34816K, 40% used [0x00000006a0000000,0x00000006a0da21c8,0x00000006a2200000)
 Metaspace       used 32299K, capacity 33534K, committed 33664K, reserved 1077248K
  class space    used 4590K, capacity 4918K, committed 4992K, reserved 1048576K
}
Event: 29.138 GC heap before
{Heap before GC invocations=11 (full 1):
 PSYoungGen      total 138240K, used 35395K [0x0000000760000000, 0x000000076c000000, 0x00000007c0000000)
  eden space 129024K, 20% used [0x0000000760000000,0x00000007619975c8,0x0000000767e00000)
  from space 9216K, 99% used [0x0000000767e00000,0x00000007686f9750,0x0000000768700000)
  to   space 12800K, 0% used [0x000000076b380000,0x000000076b380000,0x000000076c000000)
 ParOldGen       total 34816K, used 13960K [0x00000006a0000000, 0x00000006a2200000, 0x0000000760000000)
  object space 34816K, 40% used [0x00000006a0000000,0x00000006a0da21c8,0x00000006a2200000)
 Metaspace       used 34174K, capacity 35406K, committed 35496K, reserved 1079296K
  class space    used 4770K, capacity 5064K, committed 5120K, reserved 1048576K
Event: 29.157 GC heap after
Heap after GC invocations=11 (full 1):
 PSYoungGen      total 182784K, used 9952K [0x0000000760000000, 0x000000076ce80000, 0x00000007c0000000)
  eden space 169984K, 0% used [0x0000000760000000,0x0000000760000000,0x000000076a600000)
  from space 12800K, 77% used [0x000000076b380000,0x000000076bd38300,0x000000076c000000)
  to   space 13824K, 0% used [0x000000076a600000,0x000000076a600000,0x000000076b380000)
 ParOldGen       total 34816K, used 13960K [0x00000006a0000000, 0x00000006a2200000, 0x0000000760000000)
  object space 34816K, 40% used [0x00000006a0000000,0x00000006a0da21c8,0x00000006a2200000)
 Metaspace       used 34174K, capacity 35406K, committed 35496K, reserved 1079296K
  class space    used 4770K, capacity 5064K, committed 5120K, reserved 1048576K
}
Event: 29.157 GC heap before
{Heap before GC invocations=12 (full 2):
 PSYoungGen      total 182784K, used 9952K [0x0000000760000000, 0x000000076ce80000, 0x00000007c0000000)
  eden space 169984K, 0% used [0x0000000760000000,0x0000000760000000,0x000000076a600000)
  from space 12800K, 77% used [0x000000076b380000,0x000000076bd38300,0x000000076c000000)
  to   space 13824K, 0% used [0x000000076a600000,0x000000076a600000,0x000000076b380000)
 ParOldGen       total 34816K, used 13960K [0x00000006a0000000, 0x00000006a2200000, 0x0000000760000000)
  object space 34816K, 40% used [0x00000006a0000000,0x00000006a0da21c8,0x00000006a2200000)
 Metaspace       used 34174K, capacity 35406K, committed 35496K, reserved 1079296K
  class space    used 4770K, capacity 5064K, committed 5120K, reserved 1048576K
Event: 29.255 GC heap after
Heap after GC invocations=12 (full 2):
 PSYoungGen      total 182784K, used 0K [0x0000000760000000, 0x000000076ce80000, 0x00000007c0000000)
  eden space 169984K, 0% used [0x0000000760000000,0x0000000760000000,0x000000076a600000)
  from space 12800K, 0% used [0x000000076b380000,0x000000076b380000,0x000000076c000000)
  to   space 13824K, 0% used [0x000000076a600000,0x000000076a600000,0x000000076b380000)
 ParOldGen       total 50688K, used 16703K [0x00000006a0000000, 0x00000006a3180000, 0x0000000760000000)
  object space 50688K, 32% used [0x00000006a0000000,0x00000006a104fc30,0x00000006a3180000)
 Metaspace       used 34174K, capacity 35406K, committed 35496K, reserved 1079296K
  class space    used 4770K, capacity 5064K, committed 5120K, reserved 1048576K
}

